Sat May 20 13:24:29 CST 2023 : Apache Derby Network Server - 10.11.1.2 - (1629631) started and ready to accept connections on port 1527
----------------------------------------------------------------
Sat May 20 13:25:00 CST 2023:
Booting Derby version The Apache Software Foundation - Apache Derby - 10.11.1.2 - (1629631): instance a816c00e-0188-379d-d04d-ffffa7268e68 
on database directory C:\Users\Win10\Documents\GitHub\LibrarySystem\Database\accounts with class loader sun.misc.Launcher$AppClassLoader@1d44bcfa 
Loaded from file:/C:/Program%20Files/Java/jdk1.8.0_141/db/lib/derby.jar
java.vendor=Oracle Corporation
java.runtime.version=1.8.0_271-b09
user.dir=C:\Program Files\Java\jdk1.8.0_141\db
os.name=Windows 10
os.arch=amd64
os.version=10.0
derby.system.home=C:\Users\Win10\Documents\GitHub\LibrarySystem\Database
Database Class Loader started - derby.database.classpath=''
----------------------------------------------------------------
Sat May 20 13:45:09 CST 2023:
Booting Derby version The Apache Software Foundation - Apache Derby - 10.11.1.2 - (1629631): instance 48928085-0188-379d-d04d-ffffa7268e68 
on database directory C:\Users\Win10\Documents\GitHub\LibrarySystem\Database\books with class loader sun.misc.Launcher$AppClassLoader@1d44bcfa 
Loaded from file:/C:/Program%20Files/Java/jdk1.8.0_141/db/lib/derby.jar
java.vendor=Oracle Corporation
java.runtime.version=1.8.0_271-b09
user.dir=C:\Program Files\Java\jdk1.8.0_141\db
os.name=Windows 10
os.arch=amd64
os.version=10.0
derby.system.home=C:\Users\Win10\Documents\GitHub\LibrarySystem\Database
Database Class Loader started - derby.database.classpath=''
